2016-12-24 18:47:39,780 INFO  [org.eclim.eclipse.EclimDaemon] Workspace: /Users/vin/Project/711-Automation
2016-12-24 18:47:39,785 INFO  [org.eclim.eclipse.EclimDaemon] Home: /Applications/Eclipse.app/Contents/Eclipse/plugins/org.eclim_2.6.0/
2016-12-24 18:47:39,785 INFO  [org.eclim.eclipse.EclimDaemon] Starting eclim...
2016-12-24 18:47:39,792 INFO  [org.eclim.eclipse.EclimDaemon] Loading plugin org.eclim
2016-12-24 18:47:39,795 INFO  [org.eclim.eclipse.EclimDaemon] Loading plugin org.eclim.core
2016-12-24 18:47:39,962 INFO  [org.eclim.plugin.core.CorePlugin] Loading eclim plugins...
2016-12-24 18:47:39,965 INFO  [org.eclim.plugin.core.CorePlugin] Loading plugin org.eclim.jdt
2016-12-24 18:47:39,967 INFO  [org.eclim.plugin.core.CorePlugin] Plugins loaded.
2016-12-24 18:47:39,967 INFO  [org.eclim.eclipse.EclimDaemon] Loaded plugin org.eclim.core
2016-12-24 18:47:39,968 INFO  [org.eclim.eclipse.EclimDaemon] Waiting on running jobs before starting eclimd...
2016-12-24 18:47:45,979 INFO  [org.eclim.eclipse.EclimDaemon] Jobs finished.
2016-12-24 18:47:45,979 INFO  [org.eclim.eclipse.EclimDaemon] Eclim Server Started on: 127.0.0.1:9091
2016-12-24 18:49:19,755 ERROR [org.eclim.command.Main] Command failed
java.net.URISyntaxException: Illegal character in fragment at index 139: file:///Users/vin/.emacs.d/.cache/auto-save/site/#!Users!vin!Project!711-Automation!src!test!java!Interfaces!sss!hq!HQFrontEndMainPage.java#
	at java.net.URI$Parser.fail(URI.java:2848)
	at java.net.URI$Parser.checkChars(URI.java:3021)
	at java.net.URI$Parser.parse(URI.java:3067)
	at java.net.URI.<init>(URI.java:588)
	at org.eclim.plugin.core.command.project.ProjectByResource.execute(ProjectByResource.java:56)
	at org.eclim.command.Main$1.run(Main.java:100)
	at org.eclipse.swt.widgets.RunnableLock.run(RunnableLock.java:35)
	at org.eclipse.swt.widgets.Synchronizer.runAsyncMessages(Synchronizer.java:182)
	at org.eclipse.swt.widgets.Display.runAsyncMessages(Display.java:4024)
	at org.eclipse.swt.widgets.Display.readAndDispatch(Display.java:3700)
	at org.eclipse.e4.ui.internal.workbench.swt.PartRenderingEngine$4.run(PartRenderingEngine.java:1121)
	at org.eclipse.core.databinding.observable.Realm.runWithDefault(Realm.java:336)
	at org.eclipse.e4.ui.internal.workbench.swt.PartRenderingEngine.run(PartRenderingEngine.java:1022)
	at org.eclipse.e4.ui.internal.workbench.E4Workbench.createAndRunUI(E4Workbench.java:150)
	at org.eclipse.ui.internal.Workbench$5.run(Workbench.java:687)
	at org.eclipse.core.databinding.observable.Realm.runWithDefault(Realm.java:336)
	at org.eclipse.ui.internal.Workbench.createAndRunWorkbench(Workbench.java:604)
	at org.eclipse.ui.PlatformUI.createAndRunWorkbench(PlatformUI.java:148)
	at org.eclipse.ui.internal.ide.application.IDEApplication.start(IDEApplication.java:138)
	at org.eclim.eclipse.EclimApplication.start(EclimApplication.java:128)
	at org.eclipse.equinox.internal.app.EclipseAppHandle.run(EclipseAppHandle.java:196)
	at org.eclipse.core.runtime.internal.adaptor.EclipseAppLauncher.runApplication(EclipseAppLauncher.java:134)
	at org.eclipse.core.runtime.internal.adaptor.EclipseAppLauncher.start(EclipseAppLauncher.java:104)
	at org.eclipse.core.runtime.adaptor.EclipseStarter.run(EclipseStarter.java:388)
	at org.eclipse.core.runtime.adaptor.EclipseStarter.run(EclipseStarter.java:243)
	at sun.reflect.NativeMethodAccessorImpl.invoke0(Native Method)
	at sun.reflect.NativeMethodAccessorImpl.invoke(NativeMethodAccessorImpl.java:62)
	at sun.reflect.DelegatingMethodAccessorImpl.invoke(DelegatingMethodAccessorImpl.java:43)
	at java.lang.reflect.Method.invoke(Method.java:498)
	at org.eclipse.equinox.launcher.Main.invokeFramework(Main.java:673)
	at org.eclipse.equinox.launcher.Main.basicRun(Main.java:610)
	at org.eclipse.equinox.launcher.Main.run(Main.java:1519)
	at org.eclipse.equinox.launcher.Main.main(Main.java:1492)
2016-12-24 18:51:26,947 INFO  [org.eclim.eclipse.EclimDaemon] Shutting down eclim...
2016-12-24 18:51:26,981 INFO  [org.eclim.eclipse.EclimDaemon] Stopping plugin org.eclim.core
2016-12-24 18:51:26,983 INFO  [org.eclim.plugin.core.CorePlugin] Stopping plugin org.eclim.jdt
2016-12-24 18:51:26,984 INFO  [org.eclim.eclipse.EclimDaemon] Eclim stopped.
