INFO	?	main	2017-01-19T06:56:51.411Z	org.javacs.Main#connectToNode	Connected to parent using socket on port 55282
INFO	?	main	2017-01-19T06:56:51.602Z	org.javacs.JavaLanguageServer#doLint	Lint [/Users/vin/Projects/711-Automation/src/test/java/Interfaces/sss/hq/HQFrontEndMainPage.java]
INFO	?	main	2017-01-19T06:56:51.625Z	org.javacs.JavaLanguageServer#buildClassPath	Emit classpath to /var/folders/qr/qmjdx98s0zq9c3f4lqwqqn080000gn/T/classpath8530627005138903520.txt
INFO	?	main	2017-01-19T06:56:55.873Z	org.javacs.JavaLanguageServer#sourceDirectories	Use default source directory src/main/java
INFO	?	main	2017-01-19T06:56:55.876Z	org.javacs.JavaLanguageServer#sourceDirectories	Use default test directory src/test/java
INFO	?	InitialIndex	2017-01-19T06:56:56.175Z	org.javacs.SymbolIndex$1#parseAll	Index /Users/vin/Projects/711-Automation/src/test/java/Actions/Calculator/Function.java
INFO	?	InitialIndex	2017-01-19T06:56:56.181Z	org.javacs.SymbolIndex$1#parseAll	Index /Users/vin/Projects/711-Automation/src/test/java/Actions/Common/Common.java
INFO	?	InitialIndex	2017-01-19T06:56:56.182Z	org.javacs.SymbolIndex$1#parseAll	Index /Users/vin/Projects/711-Automation/src/test/java/Actions/Common/Constants.java
INFO	?	InitialIndex	2017-01-19T06:56:56.185Z	org.javacs.SymbolIndex$1#parseAll	Index /Users/vin/Projects/711-Automation/src/test/java/Actions/google/Google.java
INFO	?	InitialIndex	2017-01-19T06:56:56.186Z	org.javacs.SymbolIndex$1#parseAll	Index /Users/vin/Projects/711-Automation/src/test/java/Actions/google/PageFactory.java
INFO	?	InitialIndex	2017-01-19T06:56:56.186Z	org.javacs.SymbolIndex$1#parseAll	Index /Users/vin/Projects/711-Automation/src/test/java/Actions/sss/hq/StoreOrder.java
INFO	?	InitialIndex	2017-01-19T06:56:56.187Z	org.javacs.SymbolIndex$1#parseAll	Index /Users/vin/Projects/711-Automation/src/test/java/Interfaces/Android/AndroidScreenEntity.java
INFO	?	InitialIndex	2017-01-19T06:56:56.189Z	org.javacs.SymbolIndex$1#parseAll	Index /Users/vin/Projects/711-Automation/src/test/java/Interfaces/Android/SevenElevenShiftIn.java
INFO	?	InitialIndex	2017-01-19T06:56:56.190Z	org.javacs.SymbolIndex$1#parseAll	Index /Users/vin/Projects/711-Automation/src/test/java/Interfaces/Calculator/CalculatorEntity.java
INFO	?	InitialIndex	2017-01-19T06:56:56.192Z	org.javacs.SymbolIndex$1#parseAll	Index /Users/vin/Projects/711-Automation/src/test/java/Interfaces/google/GoogleHomeEntity.java
INFO	?	InitialIndex	2017-01-19T06:56:56.193Z	org.javacs.SymbolIndex$1#parseAll	Index /Users/vin/Projects/711-Automation/src/test/java/Interfaces/sss/hq/HQFrontEndMainPage.java
INFO	?	InitialIndex	2017-01-19T06:56:56.198Z	org.javacs.SymbolIndex$1#parseAll	Index /Users/vin/Projects/711-Automation/src/test/java/Interfaces/sss/hq/HQLoginPage.java
INFO	?	InitialIndex	2017-01-19T06:56:56.199Z	org.javacs.SymbolIndex$1#parseAll	Index /Users/vin/Projects/711-Automation/src/test/java/Interfaces/sss/portal/CDCPortalMainPage.java
INFO	?	InitialIndex	2017-01-19T06:56:56.201Z	org.javacs.SymbolIndex$1#parseAll	Index /Users/vin/Projects/711-Automation/src/test/java/Tests/google/testing/uitesting.java
INFO	?	InitialIndex	2017-01-19T06:56:56.202Z	org.javacs.SymbolIndex$1#parseAll	Index /Users/vin/Projects/711-Automation/src/test/java/Tests/SevenEleven/ProductRegisterTest.java
INFO	?	InitialIndex	2017-01-19T06:56:56.203Z	org.javacs.SymbolIndex$1#parseAll	Index /Users/vin/Projects/711-Automation/src/test/java/Tests/SevenEleven/SmokeTest.java
INFO	?	InitialIndex	2017-01-19T06:56:56.205Z	org.javacs.SymbolIndex$1#parseAll	Index /Users/vin/Projects/711-Automation/src/test/java/Tests/SevenEleven/StoreOrderWorkFlowTest.java
INFO	?	InitialIndex	2017-01-19T06:56:56.207Z	org.javacs.SymbolIndex$1#parseAll	Index /Users/vin/Projects/711-Automation/src/main/java/com/sss/iframework/driver/appium/android/IFrameworkAndroidBrowserLocalDriver.java
INFO	?	InitialIndex	2017-01-19T06:56:56.208Z	org.javacs.SymbolIndex$1#parseAll	Index /Users/vin/Projects/711-Automation/src/main/java/com/sss/iframework/driver/appium/android/IFrameworkAndroidChromeLocalDriver.java
INFO	?	InitialIndex	2017-01-19T06:56:56.210Z	org.javacs.SymbolIndex$1#parseAll	Index /Users/vin/Projects/711-Automation/src/main/java/com/sss/iframework/driver/appium/android/IFrameworkAndroidNativeLocalDriver.java
INFO	?	InitialIndex	2017-01-19T06:56:56.212Z	org.javacs.SymbolIndex$1#parseAll	Index /Users/vin/Projects/711-Automation/src/main/java/com/sss/iframework/driver/appium/IFrameworkAppium.java
INFO	?	InitialIndex	2017-01-19T06:56:56.216Z	org.javacs.SymbolIndex$1#parseAll	Index /Users/vin/Projects/711-Automation/src/main/java/com/sss/iframework/driver/appium/ios/IFrameworkiOSNativeLocalDriver.java
INFO	?	InitialIndex	2017-01-19T06:56:56.217Z	org.javacs.SymbolIndex$1#parseAll	Index /Users/vin/Projects/711-Automation/src/main/java/com/sss/iframework/driver/appium/ios/IFrameworkiOSSafariLocalDriver.java
INFO	?	InitialIndex	2017-01-19T06:56:56.219Z	org.javacs.SymbolIndex$1#parseAll	Index /Users/vin/Projects/711-Automation/src/main/java/com/sss/iframework/driver/IFrameworkDriverFactory.java
INFO	?	InitialIndex	2017-01-19T06:56:56.222Z	org.javacs.SymbolIndex$1#parseAll	Index /Users/vin/Projects/711-Automation/src/main/java/com/sss/iframework/driver/IFrameworkDriverManager.java
INFO	?	InitialIndex	2017-01-19T06:56:56.225Z	org.javacs.SymbolIndex$1#parseAll	Index /Users/vin/Projects/711-Automation/src/main/java/com/sss/iframework/driver/IFrameworkLocalDriver.java
INFO	?	InitialIndex	2017-01-19T06:56:56.226Z	org.javacs.SymbolIndex$1#parseAll	Index /Users/vin/Projects/711-Automation/src/main/java/com/sss/iframework/driver/IFrameworkRemoteDriver.java
INFO	?	InitialIndex	2017-01-19T06:56:56.227Z	org.javacs.SymbolIndex$1#parseAll	Index /Users/vin/Projects/711-Automation/src/main/java/com/sss/iframework/driver/IFrameworkWebDriver.java
INFO	?	InitialIndex	2017-01-19T06:56:56.228Z	org.javacs.SymbolIndex$1#parseAll	Index /Users/vin/Projects/711-Automation/src/main/java/com/sss/iframework/driver/selenium/mac/IFrameworkMacChromeLocalDriver.java
INFO	?	InitialIndex	2017-01-19T06:56:56.229Z	org.javacs.SymbolIndex$1#parseAll	Index /Users/vin/Projects/711-Automation/src/main/java/com/sss/iframework/driver/selenium/mac/IFrameworkMacFirefoxLocalDriver.java
INFO	?	InitialIndex	2017-01-19T06:56:56.231Z	org.javacs.SymbolIndex$1#parseAll	Index /Users/vin/Projects/711-Automation/src/main/java/com/sss/iframework/driver/selenium/mac/IFrameworkMacSafariLocalDriver.java
INFO	?	InitialIndex	2017-01-19T06:56:56.233Z	org.javacs.SymbolIndex$1#parseAll	Index /Users/vin/Projects/711-Automation/src/main/java/com/sss/iframework/driver/selenium/pc/IFrameworkWindowsChromeLocalDriver.java
INFO	?	InitialIndex	2017-01-19T06:56:56.235Z	org.javacs.SymbolIndex$1#parseAll	Index /Users/vin/Projects/711-Automation/src/main/java/com/sss/iframework/driver/selenium/pc/IFrameworkWindowsChromeRemoteDriver.java
INFO	?	InitialIndex	2017-01-19T06:56:56.236Z	org.javacs.SymbolIndex$1#parseAll	Index /Users/vin/Projects/711-Automation/src/main/java/com/sss/iframework/driver/selenium/pc/IFrameworkWindowsEdgeLocalDriver.java
INFO	?	InitialIndex	2017-01-19T06:56:56.237Z	org.javacs.SymbolIndex$1#parseAll	Index /Users/vin/Projects/711-Automation/src/main/java/com/sss/iframework/driver/selenium/pc/IFrameworkWindowsFirefoxLocalDriver.java
INFO	?	InitialIndex	2017-01-19T06:56:56.239Z	org.javacs.SymbolIndex$1#parseAll	Index /Users/vin/Projects/711-Automation/src/main/java/com/sss/iframework/driver/selenium/pc/IFrameworkWindowsFirefoxRemoteDriver.java
INFO	?	InitialIndex	2017-01-19T06:56:56.240Z	org.javacs.SymbolIndex$1#parseAll	Index /Users/vin/Projects/711-Automation/src/main/java/com/sss/iframework/driver/selenium/pc/IFrameworkWindowsIeLocalDriver.java
INFO	?	InitialIndex	2017-01-19T06:56:56.242Z	org.javacs.SymbolIndex$1#parseAll	Index /Users/vin/Projects/711-Automation/src/main/java/com/sss/iframework/driver/selenium/pc/IFrameworkWindowsIeRemoteDriver.java
INFO	?	InitialIndex	2017-01-19T06:56:56.243Z	org.javacs.SymbolIndex$1#parseAll	Index /Users/vin/Projects/711-Automation/src/main/java/com/sss/iframework/driver/selenium/pc/IFrameworkWindowsSafariLocalDriver.java
INFO	?	InitialIndex	2017-01-19T06:56:56.245Z	org.javacs.SymbolIndex$1#parseAll	Index /Users/vin/Projects/711-Automation/src/main/java/com/sss/iframework/exception/IFrameworkBaseException.java
INFO	?	InitialIndex	2017-01-19T06:56:56.246Z	org.javacs.SymbolIndex$1#parseAll	Index /Users/vin/Projects/711-Automation/src/main/java/com/sss/iframework/helper/ClassLoaderHelper.java
INFO	?	InitialIndex	2017-01-19T06:56:56.251Z	org.javacs.SymbolIndex$1#parseAll	Index /Users/vin/Projects/711-Automation/src/main/java/com/sss/iframework/helper/ReflectionHelper.java
INFO	?	InitialIndex	2017-01-19T06:56:56.256Z	org.javacs.SymbolIndex$1#parseAll	Index /Users/vin/Projects/711-Automation/src/main/java/com/sss/iframework/helper/xml/ConfigItem.java
INFO	?	InitialIndex	2017-01-19T06:56:56.257Z	org.javacs.SymbolIndex$1#parseAll	Index /Users/vin/Projects/711-Automation/src/main/java/com/sss/iframework/helper/xml/DeviceConfigItem.java
INFO	?	InitialIndex	2017-01-19T06:56:56.259Z	org.javacs.SymbolIndex$1#parseAll	Index /Users/vin/Projects/711-Automation/src/main/java/com/sss/iframework/helper/xml/GridConfigItem.java
INFO	?	InitialIndex	2017-01-19T06:56:56.260Z	org.javacs.SymbolIndex$1#parseAll	Index /Users/vin/Projects/711-Automation/src/main/java/com/sss/iframework/helper/xml/XMLParser.java
INFO	?	InitialIndex	2017-01-19T06:56:56.262Z	org.javacs.SymbolIndex$1#parseAll	Index /Users/vin/Projects/711-Automation/src/main/java/com/sss/iframework/IFrameworkAutomationData.java
INFO	?	InitialIndex	2017-01-19T06:56:56.264Z	org.javacs.SymbolIndex$1#parseAll	Index /Users/vin/Projects/711-Automation/src/main/java/com/sss/iframework/IFrameworkConstants.java
INFO	?	InitialIndex	2017-01-19T06:56:56.265Z	org.javacs.SymbolIndex$1#parseAll	Index /Users/vin/Projects/711-Automation/src/main/java/com/sss/iframework/IFrameworkNavigator.java
INFO	?	InitialIndex	2017-01-19T06:56:56.266Z	org.javacs.SymbolIndex$1#parseAll	Index /Users/vin/Projects/711-Automation/src/main/java/com/sss/log4j/Log4jConstants.java
INFO	?	InitialIndex	2017-01-19T06:56:56.267Z	org.javacs.SymbolIndex$1#parseAll	Index /Users/vin/Projects/711-Automation/src/main/java/com/sss/selenium/IFrameworkAssert.java
INFO	?	InitialIndex	2017-01-19T06:56:56.269Z	org.javacs.SymbolIndex$1#parseAll	Index /Users/vin/Projects/711-Automation/src/main/java/com/sss/selenium/IFrameworkAutomation.java
INFO	?	InitialIndex	2017-01-19T06:56:56.274Z	org.javacs.SymbolIndex$1#parseAll	Index /Users/vin/Projects/711-Automation/src/main/java/com/sss/selenium/IFrameworkElementDefinition.java
INFO	?	InitialIndex	2017-01-19T06:56:56.275Z	org.javacs.SymbolIndex$1#parseAll	Index /Users/vin/Projects/711-Automation/src/main/java/com/sss/selenium/IFrameworkSetting.java
INFO	?	InitialIndex	2017-01-19T06:56:56.277Z	org.javacs.SymbolIndex$1#parseAll	Index /Users/vin/Projects/711-Automation/src/main/java/com/sss/testng/IFrameworkAbstractReporter.java
INFO	?	InitialIndex	2017-01-19T06:56:56.280Z	org.javacs.SymbolIndex$1#parseAll	Index /Users/vin/Projects/711-Automation/src/main/java/com/sss/testng/IFrameworkCustomReportHTML.java
INFO	?	InitialIndex	2017-01-19T06:56:56.283Z	org.javacs.SymbolIndex$1#parseAll	Index /Users/vin/Projects/711-Automation/src/main/java/com/sss/testng/IFrameworkMethodListener.java
INFO	?	InitialIndex	2017-01-19T06:56:56.285Z	org.javacs.SymbolIndex$1#parseAll	Index /Users/vin/Projects/711-Automation/src/main/java/com/sss/testng/IFrameworkSendReport.java
INFO	?	InitialIndex	2017-01-19T06:56:56.286Z	org.javacs.SymbolIndex$1#parseAll	Index /Users/vin/Projects/711-Automation/src/main/java/com/sss/testng/IFrameworkTestListener.java
INFO	?	InitialIndex	2017-01-19T06:56:56.289Z	org.javacs.SymbolIndex$1#parseAll	Index /Users/vin/Projects/711-Automation/src/main/java/com/sss/testng/IFrameworkTestNGAppender.java
INFO	?	InitialIndex	2017-01-19T06:56:56.290Z	org.javacs.SymbolIndex$1#parseAll	Index /Users/vin/Projects/711-Automation/src/main/java/com/sss/testng/IFrameworkTestSuiteListener.java
INFO	?	InitialIndex	2017-01-19T06:56:56.291Z	org.javacs.SymbolIndex$1#parseAll	Index /Users/vin/Projects/711-Automation/src/main/java/com/sss/testng/IFrameworkVerificationFailures.java
INFO	?	InitialIndex	2017-01-19T06:56:56.297Z	org.javacs.SymbolIndex$1#parseAll	Index /Users/vin/Projects/711-Automation/src/main/java/com/sss/utility/IFrameworkFileAndDirectory.java
INFO	?	InitialIndex	2017-01-19T06:56:56.299Z	org.javacs.SymbolIndex$1#parseAll	Index /Users/vin/Projects/711-Automation/src/main/java/com/sss/utility/IFrameworkRESTFullAPI.java
INFO	?	InitialIndex	2017-01-19T06:56:56.301Z	org.javacs.SymbolIndex$1#parseAll	Index /Users/vin/Projects/711-Automation/src/main/java/com/sss/utility/IFrameworkSendEmail.java
INFO	?	main	2017-01-19T06:57:18.082Z	org.javacs.JavaLanguageServer#buildClassPath	Emit classpath to /var/folders/qr/qmjdx98s0zq9c3f4lqwqqn080000gn/T/classpath487723422506420264.txt
INFO	?	main	2017-01-19T06:57:20.764Z	org.javacs.JavaLanguageServer#sourceDirectories	Use default source directory src/main/java
INFO	?	main	2017-01-19T06:57:20.765Z	org.javacs.JavaLanguageServer#sourceDirectories	Use default test directory src/test/java
INFO	?	main	2017-01-19T06:57:21.101Z	org.javacs.Main#run	Connection closed
