Sun Nov 06 17:14:54 ICT 2016  [debug] AvalonLogSystem initialized using logfile 'velocity.log'
Sun Nov 06 17:14:54 ICT 2016   [info] ************************************************************** 
Sun Nov 06 17:14:54 ICT 2016   [info] Starting Jakarta Velocity v1.4
Sun Nov 06 17:14:54 ICT 2016   [info] RuntimeInstance initializing.
Sun Nov 06 17:14:54 ICT 2016   [info] Default Properties File: org/apache/velocity/runtime/defaults/velocity.properties
Sun Nov 06 17:14:54 ICT 2016   [info] Trying to use logger class org.apache.velocity.runtime.log.AvalonLogSystem
Sun Nov 06 17:14:54 ICT 2016   [info] Using logger class org.apache.velocity.runtime.log.AvalonLogSystem
Sun Nov 06 17:14:54 ICT 2016   [info] Default ResourceManager initializing. (class org.apache.velocity.runtime.resource.ResourceManagerImpl)
Sun Nov 06 17:14:54 ICT 2016   [info] Resource Loader Instantiated: org.apache.velocity.runtime.resource.loader.ClasspathResourceLoader
Sun Nov 06 17:14:54 ICT 2016   [info] ClasspathResourceLoader : initialization starting.
Sun Nov 06 17:14:54 ICT 2016   [info] ClasspathResourceLoader : initialization complete.
Sun Nov 06 17:14:54 ICT 2016   [info] ResourceCache : initialized. (class org.apache.velocity.runtime.resource.ResourceCacheImpl)
Sun Nov 06 17:14:54 ICT 2016   [info] Default ResourceManager initialization complete.
Sun Nov 06 17:14:54 ICT 2016   [info] Loaded System Directive: org.apache.velocity.runtime.directive.Literal
Sun Nov 06 17:14:54 ICT 2016   [info] Loaded System Directive: org.apache.velocity.runtime.directive.Macro
Sun Nov 06 17:14:54 ICT 2016   [info] Loaded System Directive: org.apache.velocity.runtime.directive.Parse
Sun Nov 06 17:14:54 ICT 2016   [info] Loaded System Directive: org.apache.velocity.runtime.directive.Include
Sun Nov 06 17:14:54 ICT 2016   [info] Loaded System Directive: org.apache.velocity.runtime.directive.Foreach
Sun Nov 06 17:14:54 ICT 2016   [info] Created: 20 parsers.
Sun Nov 06 17:14:54 ICT 2016   [info] Velocimacro : initialization starting.
Sun Nov 06 17:14:54 ICT 2016   [info] Velocimacro : adding VMs from VM library template : VM_global_library.vm
Sun Nov 06 17:14:54 ICT 2016  [error] ResourceManager : unable to find resource 'VM_global_library.vm' in any resource loader.
Sun Nov 06 17:14:54 ICT 2016   [info] Velocimacro : error using  VM library template VM_global_library.vm : org.apache.velocity.exception.ResourceNotFoundException: Unable to find resource 'VM_global_library.vm'
Sun Nov 06 17:14:54 ICT 2016   [info] Velocimacro :  VM library template macro registration complete.
Sun Nov 06 17:14:54 ICT 2016   [info] Velocimacro : allowInline = true : VMs can be defined inline in templates
Sun Nov 06 17:14:54 ICT 2016   [info] Velocimacro : allowInlineToOverride = false : VMs defined inline may NOT replace previous VM definitions
Sun Nov 06 17:14:54 ICT 2016   [info] Velocimacro : allowInlineLocal = false : VMs defined inline will be  global in scope if allowed.
Sun Nov 06 17:14:54 ICT 2016   [info] Velocimacro : messages on  : VM system will output logging messages
Sun Nov 06 17:14:54 ICT 2016   [info] Velocimacro : autoload off  : VM system will not automatically reload global library macros
Sun Nov 06 17:14:54 ICT 2016   [info] Velocimacro : initialization complete.
Sun Nov 06 17:14:54 ICT 2016   [info] Velocity successfully started.
Sun Nov 06 17:14:54 ICT 2016   [info] ResourceManager : found emailable-report.html.vm with loader org.apache.velocity.runtime.resource.loader.ClasspathResourceLoader
Sun Nov 06 17:14:54 ICT 2016   [info] ResourceManager : found emailable-report.html.vm with loader org.apache.velocity.runtime.resource.loader.ClasspathResourceLoader
